array (
  '_token' => 'msoiSBU0lhSePlIqxSbuYcdV9dW599egwbKghkVt',
  'type_name' => 'ew',
  'card_type' => '12',
  'max_capacity' => '21',
  'id' => '0',
)
array (
  0 => 
  array (
    'id' => 1,
    'game_name' => '双飞粉',
    'number' => 'A',
    'size_range' => 0.19,
    'status' => 1,
    'language' => '中文',
    'created_at' => NULL,
    'updated_at' => NULL,
    'game_type' => NULL,
  ),
  1 => 
  array (
    'id' => 2,
    'game_name' => '返回手动挡',
    'number' => 'G',
    'size_range' => 1,
    'status' => 1,
    'language' => '日文',
    'created_at' => NULL,
    'updated_at' => NULL,
    'game_type' => NULL,
  ),
  3 => 
  array (
    'id' => 4,
    'game_name' => 'de',
    'number' => 'B',
    'size_range' => 1.2,
    'status' => 1,
    'language' => '中文',
    'created_at' => '2019-04-27 12:26:31',
    'updated_at' => '2019-04-27 12:26:31',
    'game_type' => NULL,
  ),
  4 => 
  array (
    'id' => 5,
    'game_name' => 'free',
    'number' => 'B',
    'size_range' => 2.2999999999999998,
    'status' => 1,
    'language' => '中文',
    'created_at' => '2019-04-27 12:30:54',
    'updated_at' => '2019-04-27 12:39:31',
    'game_type' => NULL,
  ),
)
